2017-04-09 22:18:05	Start for time : 1486621085 and user: 1524
2017-04-09 22:18:05	Work with user: 1524
2017-04-09 22:18:08	Work with time : 2017-02-08
2017-04-09 22:18:14	Work with time : 2017-02-09
2017-04-09 22:18:19	Work with time : 2017-02-10
2017-04-09 22:18:27	Add report  productAds
2017-04-09 22:18:31	Add report  keywords
2017-04-09 22:18:34	Add report  keywordsQuery
2017-04-09 22:18:34	Work with time : 2017-02-11
2017-04-09 22:18:42	Add report  productAds
2017-04-09 22:18:47	Add report  keywords
2017-04-09 22:18:56	Add report  keywordsQuery
2017-04-09 22:18:56	Work with time : 2017-02-12
2017-04-09 22:19:16	Add report  keywords
2017-04-09 22:19:22	Add report  keywordsQuery
2017-04-09 22:19:22	Work with time : 2017-02-13
2017-04-09 22:19:33	Add report  productAds
2017-04-09 22:19:40	Add report  keywords
2017-04-09 22:19:45	Add report  keywordsQuery
2017-04-09 22:19:45	Work with time : 2017-02-14
2017-04-09 22:19:52	Add report  productAds
2017-04-09 22:19:57	Add report  keywords
2017-04-09 22:20:00	Add report  keywordsQuery
2017-04-09 22:20:00	Work with time : 2017-02-15
2017-04-09 22:20:08	Add report  productAds
2017-04-09 22:20:12	Add report  keywords
2017-04-09 22:20:16	Add report  keywordsQuery
2017-04-09 22:20:16	Work with time : 2017-02-16
2017-04-09 22:20:23	Add report  productAds
2017-04-09 22:20:27	Add report  keywords
2017-04-09 22:20:31	Add report  keywordsQuery
2017-04-09 22:20:31	Work with time : 2017-02-17
2017-04-09 22:20:38	Add report  productAds
2017-04-09 22:20:42	Add report  keywords
2017-04-09 22:20:46	Add report  keywordsQuery
2017-04-09 22:20:46	Work with time : 2017-02-18
2017-04-09 22:20:54	Add report  productAds
2017-04-09 22:20:57	Add report  keywords
2017-04-09 22:21:01	Add report  keywordsQuery
2017-04-09 22:21:01	Work with time : 2017-02-19
2017-04-09 22:21:08	Add report  productAds
2017-04-09 22:21:12	Add report  keywords
2017-04-09 22:21:16	Add report  keywordsQuery
2017-04-09 22:21:16	Work with time : 2017-02-20
2017-04-09 22:21:23	Add report  productAds
2017-04-09 22:21:27	Add report  keywords
2017-04-09 22:21:31	Add report  keywordsQuery
2017-04-09 22:21:31	Work with time : 2017-02-21
2017-04-09 22:21:38	Add report  productAds
2017-04-09 22:21:42	Add report  keywords
2017-04-09 22:21:46	Add report  keywordsQuery
2017-04-09 22:21:46	Work with time : 2017-02-22
2017-04-09 22:21:53	Add report  productAds
2017-04-09 22:21:57	Add report  keywords
2017-04-09 22:22:00	Add report  keywordsQuery
2017-04-09 22:22:00	Work with time : 2017-02-23
2017-04-09 22:22:08	Add report  productAds
2017-04-09 22:22:12	Add report  keywords
2017-04-09 22:22:16	Add report  keywordsQuery
2017-04-09 22:22:16	Work with time : 2017-02-24
2017-04-09 22:22:24	Add report  productAds
2017-04-09 22:22:28	Add report  keywords
2017-04-09 22:22:34	Add report  keywordsQuery
2017-04-09 22:22:34	Work with time : 2017-02-25
2017-04-09 22:22:41	Add report  productAds
2017-04-09 22:22:46	Add report  keywords
2017-04-09 22:22:50	Add report  keywordsQuery
2017-04-09 22:22:50	Work with time : 2017-02-26
2017-04-09 22:22:58	Add report  productAds
2017-04-09 22:23:02	Add report  keywords
2017-04-09 22:23:07	Add report  keywordsQuery
2017-04-09 22:23:07	Work with time : 2017-02-27
2017-04-09 22:23:14	Add report  productAds
2017-04-09 22:23:18	Add report  keywords
2017-04-09 22:23:22	Add report  keywordsQuery
2017-04-09 22:23:22	Work with time : 2017-02-28
2017-04-09 22:23:30	Add report  productAds
2017-04-09 22:23:35	Add report  keywords
2017-04-09 22:23:41	Add report  keywordsQuery
2017-04-09 22:23:41	Work with time : 2017-03-01
2017-04-09 22:23:49	Add report  productAds
2017-04-09 22:23:56	Add report  keywords
2017-04-09 22:24:01	Add report  keywordsQuery
2017-04-09 22:24:01	Work with time : 2017-03-02
2017-04-09 22:24:10	Add report  productAds
2017-04-09 22:24:17	Add report  keywords
2017-04-09 22:24:23	Add report  keywordsQuery
2017-04-09 22:24:23	Work with time : 2017-03-03
2017-04-09 22:24:30	Add report  productAds
2017-04-09 22:24:35	Add report  keywords
2017-04-09 22:24:36	Work with time : 2017-03-04
2017-04-09 22:24:46	Add report  productAds
2017-04-09 22:24:51	Add report  keywords
2017-04-09 22:24:55	Add report  keywordsQuery
2017-04-09 22:24:55	Work with time : 2017-03-05
2017-04-09 22:25:05	Add report  productAds
2017-04-09 22:25:12	Add report  keywords
2017-04-09 22:25:18	Add report  keywordsQuery
2017-04-09 22:25:18	Work with time : 2017-03-06
2017-04-09 22:25:29	Add report  productAds
2017-04-09 22:25:35	Add report  keywords
2017-04-09 22:25:39	Add report  keywordsQuery
2017-04-09 22:25:39	Work with time : 2017-03-07
2017-04-09 22:25:46	Add report  productAds
2017-04-09 22:25:50	Add report  keywords
2017-04-09 22:25:54	Add report  keywordsQuery
2017-04-09 22:25:54	Work with time : 2017-03-08
2017-04-09 22:26:01	Add report  productAds
2017-04-09 22:26:05	Add report  keywords
2017-04-09 22:26:09	Add report  keywordsQuery
2017-04-09 22:26:09	Work with time : 2017-03-09
2017-04-09 22:26:17	Add report  productAds
2017-04-09 22:26:23	Add report  keywords
2017-04-09 22:26:27	Add report  keywordsQuery
2017-04-09 22:26:27	Work with time : 2017-03-10
2017-04-09 22:26:34	Add report  productAds
2017-04-09 22:26:38	Add report  keywords
2017-04-09 22:26:42	Add report  keywordsQuery
2017-04-09 22:26:42	Work with time : 2017-03-11
2017-04-09 22:26:49	Add report  productAds
2017-04-09 22:26:53	Add report  keywords
2017-04-09 22:26:57	Add report  keywordsQuery
2017-04-09 22:26:57	Work with time : 2017-03-12
2017-04-09 22:27:04	Add report  productAds
2017-04-09 22:27:09	Add report  keywords
2017-04-09 22:27:13	Add report  keywordsQuery
2017-04-09 22:27:13	Work with time : 2017-03-13
2017-04-09 22:27:23	Add report  productAds
2017-04-09 22:27:27	Add report  keywords
2017-04-09 22:27:31	Add report  keywordsQuery
2017-04-09 22:27:31	Work with time : 2017-03-14
2017-04-09 22:27:39	Add report  productAds
2017-04-09 22:27:43	Add report  keywords
2017-04-09 22:27:48	Add report  keywordsQuery
2017-04-09 22:27:48	Work with time : 2017-03-15
2017-04-09 22:27:55	Add report  productAds
2017-04-09 22:27:59	Add report  keywords
2017-04-09 22:28:03	Add report  keywordsQuery
2017-04-09 22:28:03	Work with time : 2017-03-16
2017-04-09 22:28:14	Add report  productAds
2017-04-09 22:28:20	Add report  keywords
2017-04-09 22:28:24	Add report  keywordsQuery
2017-04-09 22:28:24	Work with time : 2017-03-17
2017-04-09 22:28:31	Add report  productAds
2017-04-09 22:28:36	Add report  keywords
2017-04-09 22:28:40	Add report  keywordsQuery
2017-04-09 22:28:40	Work with time : 2017-03-18
2017-04-09 22:28:48	Add report  productAds
2017-04-09 22:28:53	Add report  keywords
2017-04-09 22:28:59	Add report  keywordsQuery
2017-04-09 22:28:59	Work with time : 2017-03-19
2017-04-09 22:29:06	Add report  productAds
2017-04-09 22:29:11	Add report  keywords
2017-04-09 22:29:15	Add report  keywordsQuery
2017-04-09 22:29:15	Work with time : 2017-03-20
2017-04-09 22:29:22	Add report  productAds
2017-04-09 22:29:26	Add report  keywords
2017-04-09 22:29:30	Add report  keywordsQuery
2017-04-09 22:29:30	Work with time : 2017-03-21
2017-04-09 22:29:39	Add report  productAds
2017-04-09 22:29:46	Add report  keywords
2017-04-09 22:29:51	Add report  keywordsQuery
2017-04-09 22:29:51	Work with time : 2017-03-22
2017-04-09 22:30:00	Add report  productAds
2017-04-09 22:30:06	Add report  keywords
2017-04-09 22:30:12	Add report  keywordsQuery
2017-04-09 22:30:12	Work with time : 2017-03-23
2017-04-09 22:30:20	Add report  productAds
2017-04-09 22:30:25	Add report  keywords
2017-04-09 22:30:30	Add report  keywordsQuery
2017-04-09 22:30:30	Work with time : 2017-03-24
2017-04-09 22:30:38	Add report  productAds
2017-04-09 22:30:43	Add report  keywords
2017-04-09 22:30:48	Add report  keywordsQuery
2017-04-09 22:30:48	Work with time : 2017-03-25
2017-04-09 22:30:55	Add report  productAds
2017-04-09 22:31:00	Add report  keywords
2017-04-09 22:31:05	Add report  keywordsQuery
2017-04-09 22:31:05	Work with time : 2017-03-26
2017-04-09 22:31:13	Add report  productAds
2017-04-09 22:31:17	Add report  keywords
2017-04-09 22:31:20	Add report  keywordsQuery
2017-04-09 22:31:20	Work with time : 2017-03-27
2017-04-09 22:31:27	Add report  productAds
2017-04-09 22:31:31	Add report  keywords
2017-04-09 22:31:35	Add report  keywordsQuery
2017-04-09 22:31:35	Work with time : 2017-03-28
2017-04-09 22:31:42	Add report  productAds
2017-04-09 22:31:46	Add report  keywords
2017-04-09 22:31:51	Add report  keywordsQuery
2017-04-09 22:31:51	Work with time : 2017-03-29
2017-04-09 22:31:59	Add report  productAds
2017-04-09 22:32:03	Add report  keywords
2017-04-09 22:32:08	Add report  keywordsQuery
2017-04-09 22:32:08	Work with time : 2017-03-30
2017-04-09 22:32:15	Add report  productAds
2017-04-09 22:32:19	Add report  keywords
2017-04-09 22:32:23	Add report  keywordsQuery
2017-04-09 22:32:23	Work with time : 2017-03-31
2017-04-09 22:32:30	Add report  productAds
2017-04-09 22:32:34	Add report  keywords
2017-04-09 22:32:38	Add report  keywordsQuery
2017-04-09 22:32:38	Work with time : 2017-04-01
2017-04-09 22:32:44	Add report  productAds
2017-04-09 22:32:49	Add report  keywords
2017-04-09 22:32:53	Add report  keywordsQuery
2017-04-09 22:32:53	Work with time : 2017-04-02
2017-04-09 22:33:01	Add report  productAds
2017-04-09 22:33:06	Add report  keywords
2017-04-09 22:33:10	Add report  keywordsQuery
2017-04-09 22:33:10	Work with time : 2017-04-03
2017-04-09 22:33:18	Add report  productAds
2017-04-09 22:33:21	Add report  keywords
2017-04-09 22:33:26	Add report  keywordsQuery
2017-04-09 22:33:26	Work with time : 2017-04-04
2017-04-09 22:33:34	Add report  productAds
2017-04-09 22:33:39	Add report  keywords
2017-04-09 22:33:43	Add report  keywordsQuery
2017-04-09 22:33:43	Work with time : 2017-04-05
2017-04-09 22:33:51	Add report  productAds
2017-04-09 22:33:56	Add report  keywords
2017-04-09 22:34:00	Add report  keywordsQuery
2017-04-09 22:34:00	Work with time : 2017-04-06
2017-04-09 22:34:07	Add report  productAds
2017-04-09 22:34:12	Add report  keywords
2017-04-09 22:34:16	Add report  keywordsQuery
2017-04-09 22:34:16	Work with time : 2017-04-07
2017-04-09 22:34:24	Add report  productAds
2017-04-09 22:34:28	Add report  keywords
2017-04-09 22:34:32	Add report  keywordsQuery
2017-04-09 22:34:32	Work with time : 2017-04-08
2017-04-09 22:34:42	Add report  productAds
2017-04-09 22:34:47	Add report  keywords
2017-04-09 22:34:52	Add report  keywordsQuery
2017-04-09 22:34:52	BEGIN SYNC
2017-04-10 00:09:34	SYNC SUCCESS
