2017-04-10 03:59:31	Start for time : 1490957971 and user: 1712
2017-04-10 03:59:31	Work with user: 1712
2017-04-10 03:59:34	Work with time : 2017-03-31
2017-04-10 03:59:41	Add report  productAds
2017-04-10 03:59:45	Add report  keywords
2017-04-10 03:59:48	Add report  keywordsQuery
2017-04-10 03:59:48	Work with time : 2017-04-01
2017-04-10 03:59:55	Add report  productAds
2017-04-10 03:59:59	Add report  keywords
2017-04-10 04:00:04	Add report  keywordsQuery
2017-04-10 04:00:04	Work with time : 2017-04-02
2017-04-10 04:00:11	Add report  productAds
2017-04-10 04:00:14	Add report  keywords
2017-04-10 04:00:18	Add report  keywordsQuery
2017-04-10 04:00:18	Work with time : 2017-04-03
2017-04-10 04:00:25	Add report  productAds
2017-04-10 04:00:29	Add report  keywords
2017-04-10 04:00:33	Add report  keywordsQuery
2017-04-10 04:00:33	Work with time : 2017-04-04
2017-04-10 04:00:39	Add report  productAds
2017-04-10 04:00:43	Add report  keywords
2017-04-10 04:00:47	Add report  keywordsQuery
2017-04-10 04:00:47	Work with time : 2017-04-05
2017-04-10 04:00:54	Add report  productAds
2017-04-10 04:00:58	Add report  keywords
2017-04-10 04:01:02	Add report  keywordsQuery
2017-04-10 04:01:02	Work with time : 2017-04-06
2017-04-10 04:01:09	Add report  productAds
2017-04-10 04:01:12	Add report  keywords
2017-04-10 04:01:16	Add report  keywordsQuery
2017-04-10 04:01:16	Work with time : 2017-04-07
2017-04-10 04:01:23	Add report  productAds
2017-04-10 04:01:27	Add report  keywords
2017-04-10 04:01:31	Add report  keywordsQuery
2017-04-10 04:01:31	Work with time : 2017-04-08
2017-04-10 04:01:38	Add report  productAds
2017-04-10 04:01:42	Add report  keywords
2017-04-10 04:01:46	Add report  keywordsQuery
2017-04-10 04:01:46	Work with time : 2017-04-09
2017-04-10 04:01:53	Add report  productAds
2017-04-10 04:01:56	Add report  keywords
2017-04-10 04:02:00	Add report  keywordsQuery
2017-04-10 04:02:00	Work with time : 2017-04-10
2017-04-10 04:02:18	BEGIN SYNC
2017-04-10 04:29:51	SYNC SUCCESS
