2017-04-10 03:12:54	Start for time : 1486638774 and user: 1704
2017-04-10 03:12:54	Work with user: 1704
2017-04-10 03:12:57	Work with time : 2017-02-09
2017-04-10 03:13:02	Work with time : 2017-02-10
2017-04-10 03:13:06	Add report  productAds
2017-04-10 03:13:07	Add report  keywords
2017-04-10 03:13:08	Add report  keywordsQuery
2017-04-10 03:13:08	Work with time : 2017-02-11
2017-04-10 03:13:11	Add report  productAds
2017-04-10 03:13:12	Add report  keywords
2017-04-10 03:13:13	Add report  keywordsQuery
2017-04-10 03:13:13	Work with time : 2017-02-12
2017-04-10 03:13:17	Add report  productAds
2017-04-10 03:13:17	Add report  keywords
2017-04-10 03:13:18	Add report  keywordsQuery
2017-04-10 03:13:18	Work with time : 2017-02-13
2017-04-10 03:13:22	Add report  productAds
2017-04-10 03:13:23	Add report  keywords
2017-04-10 03:13:23	Add report  keywordsQuery
2017-04-10 03:13:23	Work with time : 2017-02-14
2017-04-10 03:13:27	Add report  productAds
2017-04-10 03:13:28	Add report  keywords
2017-04-10 03:13:29	Add report  keywordsQuery
2017-04-10 03:13:29	Work with time : 2017-02-15
2017-04-10 03:13:32	Add report  productAds
2017-04-10 03:13:33	Add report  keywords
2017-04-10 03:13:34	Add report  keywordsQuery
2017-04-10 03:13:34	Work with time : 2017-02-16
2017-04-10 03:13:38	Add report  productAds
2017-04-10 03:13:39	Add report  keywords
2017-04-10 03:13:39	Add report  keywordsQuery
2017-04-10 03:13:39	Work with time : 2017-02-17
2017-04-10 03:13:43	Add report  productAds
2017-04-10 03:13:44	Add report  keywords
2017-04-10 03:13:45	Add report  keywordsQuery
2017-04-10 03:13:45	Work with time : 2017-02-18
2017-04-10 03:13:48	Add report  productAds
2017-04-10 03:13:49	Add report  keywords
2017-04-10 03:13:50	Add report  keywordsQuery
2017-04-10 03:13:50	Work with time : 2017-02-19
2017-04-10 03:13:54	Add report  productAds
2017-04-10 03:13:54	Add report  keywords
2017-04-10 03:13:55	Add report  keywordsQuery
2017-04-10 03:13:55	Work with time : 2017-02-20
2017-04-10 03:13:59	Add report  productAds
2017-04-10 03:14:00	Add report  keywords
2017-04-10 03:14:01	Add report  keywordsQuery
2017-04-10 03:14:01	Work with time : 2017-02-21
2017-04-10 03:14:04	Add report  productAds
2017-04-10 03:14:05	Add report  keywords
2017-04-10 03:14:06	Add report  keywordsQuery
2017-04-10 03:14:06	Work with time : 2017-02-22
2017-04-10 03:14:10	Add report  productAds
2017-04-10 03:14:11	Add report  keywords
2017-04-10 03:14:11	Add report  keywordsQuery
2017-04-10 03:14:11	Work with time : 2017-02-23
2017-04-10 03:14:15	Add report  productAds
2017-04-10 03:14:16	Add report  keywords
2017-04-10 03:14:17	Add report  keywordsQuery
2017-04-10 03:14:17	Work with time : 2017-02-24
2017-04-10 03:14:20	Add report  productAds
2017-04-10 03:14:21	Add report  keywords
2017-04-10 03:14:22	Add report  keywordsQuery
2017-04-10 03:14:22	Work with time : 2017-02-25
2017-04-10 03:14:26	Add report  productAds
2017-04-10 03:14:27	Add report  keywords
2017-04-10 03:14:27	Add report  keywordsQuery
2017-04-10 03:14:27	Work with time : 2017-02-26
2017-04-10 03:14:31	Add report  productAds
2017-04-10 03:14:32	Add report  keywords
2017-04-10 03:14:33	Add report  keywordsQuery
2017-04-10 03:14:33	Work with time : 2017-02-27
2017-04-10 03:14:37	Add report  productAds
2017-04-10 03:14:37	Add report  keywords
2017-04-10 03:14:38	Add report  keywordsQuery
2017-04-10 03:14:38	Work with time : 2017-02-28
2017-04-10 03:14:42	Add report  productAds
2017-04-10 03:14:43	Add report  keywords
2017-04-10 03:14:43	Add report  keywordsQuery
2017-04-10 03:14:43	Work with time : 2017-03-01
2017-04-10 03:14:47	Add report  productAds
2017-04-10 03:14:48	Add report  keywords
2017-04-10 03:14:49	Add report  keywordsQuery
2017-04-10 03:14:49	Work with time : 2017-03-02
2017-04-10 03:14:52	Add report  productAds
2017-04-10 03:14:53	Add report  keywords
2017-04-10 03:14:54	Add report  keywordsQuery
2017-04-10 03:14:54	Work with time : 2017-03-03
2017-04-10 03:14:58	Add report  productAds
2017-04-10 03:14:59	Add report  keywords
2017-04-10 03:15:00	Add report  keywordsQuery
2017-04-10 03:15:00	Work with time : 2017-03-04
2017-04-10 03:15:04	Add report  productAds
2017-04-10 03:15:04	Add report  keywords
2017-04-10 03:15:05	Add report  keywordsQuery
2017-04-10 03:15:05	Work with time : 2017-03-05
2017-04-10 03:15:09	Add report  productAds
2017-04-10 03:15:10	Add report  keywords
2017-04-10 03:15:10	Add report  keywordsQuery
2017-04-10 03:15:10	Work with time : 2017-03-06
2017-04-10 03:15:14	Add report  productAds
2017-04-10 03:15:15	Add report  keywords
2017-04-10 03:15:16	Add report  keywordsQuery
2017-04-10 03:15:16	Work with time : 2017-03-07
2017-04-10 03:15:20	Add report  productAds
2017-04-10 03:15:20	Add report  keywords
2017-04-10 03:15:21	Add report  keywordsQuery
2017-04-10 03:15:21	Work with time : 2017-03-08
2017-04-10 03:15:25	Add report  productAds
2017-04-10 03:15:26	Add report  keywords
2017-04-10 03:15:27	Add report  keywordsQuery
2017-04-10 03:15:27	Work with time : 2017-03-09
2017-04-10 03:15:30	Add report  productAds
2017-04-10 03:15:31	Add report  keywords
2017-04-10 03:15:32	Add report  keywordsQuery
2017-04-10 03:15:32	Work with time : 2017-03-10
2017-04-10 03:15:36	Add report  productAds
2017-04-10 03:15:36	Add report  keywords
2017-04-10 03:15:37	Add report  keywordsQuery
2017-04-10 03:15:37	Work with time : 2017-03-11
2017-04-10 03:15:41	Add report  productAds
2017-04-10 03:15:42	Add report  keywords
2017-04-10 03:15:42	Add report  keywordsQuery
2017-04-10 03:15:42	Work with time : 2017-03-12
2017-04-10 03:15:46	Add report  productAds
2017-04-10 03:15:47	Add report  keywords
2017-04-10 03:15:48	Add report  keywordsQuery
2017-04-10 03:15:48	Work with time : 2017-03-13
2017-04-10 03:15:52	Add report  productAds
2017-04-10 03:15:52	Add report  keywords
2017-04-10 03:15:53	Add report  keywordsQuery
2017-04-10 03:15:53	Work with time : 2017-03-14
2017-04-10 03:15:57	Add report  productAds
2017-04-10 03:15:58	Add report  keywords
2017-04-10 03:15:58	Add report  keywordsQuery
2017-04-10 03:15:58	Work with time : 2017-03-15
2017-04-10 03:16:02	Add report  productAds
2017-04-10 03:16:03	Add report  keywords
2017-04-10 03:16:04	Add report  keywordsQuery
2017-04-10 03:16:04	Work with time : 2017-03-16
2017-04-10 03:16:08	Add report  productAds
2017-04-10 03:16:08	Add report  keywords
2017-04-10 03:16:09	Add report  keywordsQuery
2017-04-10 03:16:09	Work with time : 2017-03-17
2017-04-10 03:16:13	Add report  productAds
2017-04-10 03:16:14	Add report  keywords
2017-04-10 03:16:14	Add report  keywordsQuery
2017-04-10 03:16:14	Work with time : 2017-03-18
2017-04-10 03:16:18	Add report  productAds
2017-04-10 03:16:19	Add report  keywords
2017-04-10 03:16:20	Add report  keywordsQuery
2017-04-10 03:16:20	Work with time : 2017-03-19
2017-04-10 03:16:24	Add report  productAds
2017-04-10 03:16:24	Add report  keywords
2017-04-10 03:16:25	Add report  keywordsQuery
2017-04-10 03:16:25	Work with time : 2017-03-20
2017-04-10 03:16:29	Add report  productAds
2017-04-10 03:16:30	Add report  keywords
2017-04-10 03:16:31	Add report  keywordsQuery
2017-04-10 03:16:31	Work with time : 2017-03-21
2017-04-10 03:16:34	Add report  productAds
2017-04-10 03:16:35	Add report  keywords
2017-04-10 03:16:36	Add report  keywordsQuery
2017-04-10 03:16:36	Work with time : 2017-03-22
2017-04-10 03:16:40	Add report  productAds
2017-04-10 03:16:40	Add report  keywords
2017-04-10 03:16:41	Add report  keywordsQuery
2017-04-10 03:16:41	Work with time : 2017-03-23
2017-04-10 03:16:45	Add report  productAds
2017-04-10 03:16:46	Add report  keywords
2017-04-10 03:16:46	Add report  keywordsQuery
2017-04-10 03:16:46	Work with time : 2017-03-24
2017-04-10 03:16:50	Add report  productAds
2017-04-10 03:16:51	Add report  keywords
2017-04-10 03:16:52	Add report  keywordsQuery
2017-04-10 03:16:52	Work with time : 2017-03-25
2017-04-10 03:16:56	Add report  productAds
2017-04-10 03:16:56	Add report  keywords
2017-04-10 03:16:57	Add report  keywordsQuery
2017-04-10 03:16:57	Work with time : 2017-03-26
2017-04-10 03:17:02	Add report  productAds
2017-04-10 03:17:03	Add report  keywords
2017-04-10 03:17:03	Add report  keywordsQuery
2017-04-10 03:17:03	Work with time : 2017-03-27
2017-04-10 03:17:07	Add report  productAds
2017-04-10 03:17:08	Add report  keywords
2017-04-10 03:17:09	Add report  keywordsQuery
2017-04-10 03:17:09	Work with time : 2017-03-28
2017-04-10 03:17:12	Add report  productAds
2017-04-10 03:17:13	Add report  keywords
2017-04-10 03:17:14	Add report  keywordsQuery
2017-04-10 03:17:14	Work with time : 2017-03-29
2017-04-10 03:17:18	Add report  productAds
2017-04-10 03:17:18	Add report  keywords
2017-04-10 03:17:19	Add report  keywordsQuery
2017-04-10 03:17:19	Work with time : 2017-03-30
2017-04-10 03:17:23	Add report  productAds
2017-04-10 03:17:24	Add report  keywords
2017-04-10 03:17:25	Add report  keywordsQuery
2017-04-10 03:17:25	Work with time : 2017-03-31
2017-04-10 03:17:28	Add report  productAds
2017-04-10 03:17:29	Add report  keywords
2017-04-10 03:17:30	Add report  keywordsQuery
2017-04-10 03:17:30	Work with time : 2017-04-01
2017-04-10 03:17:34	Add report  productAds
2017-04-10 03:17:34	Add report  keywords
2017-04-10 03:17:35	Add report  keywordsQuery
2017-04-10 03:17:35	Work with time : 2017-04-02
2017-04-10 03:17:39	Add report  productAds
2017-04-10 03:17:40	Add report  keywords
2017-04-10 03:17:41	Add report  keywordsQuery
2017-04-10 03:17:41	Work with time : 2017-04-03
2017-04-10 03:17:44	Add report  productAds
2017-04-10 03:17:45	Add report  keywords
2017-04-10 03:17:46	Add report  keywordsQuery
2017-04-10 03:17:46	Work with time : 2017-04-04
2017-04-10 03:17:50	Add report  productAds
2017-04-10 03:17:50	Add report  keywords
2017-04-10 03:17:51	Add report  keywordsQuery
2017-04-10 03:17:51	Work with time : 2017-04-05
2017-04-10 03:17:55	Add report  productAds
2017-04-10 03:17:56	Add report  keywords
2017-04-10 03:17:56	Add report  keywordsQuery
2017-04-10 03:17:56	Work with time : 2017-04-06
2017-04-10 03:18:00	Add report  productAds
2017-04-10 03:18:01	Add report  keywords
2017-04-10 03:18:02	Add report  keywordsQuery
2017-04-10 03:18:02	Work with time : 2017-04-07
2017-04-10 03:18:05	Add report  productAds
2017-04-10 03:18:06	Add report  keywords
2017-04-10 03:18:07	Add report  keywordsQuery
2017-04-10 03:18:07	Work with time : 2017-04-08
2017-04-10 03:18:11	Add report  productAds
2017-04-10 03:18:11	Add report  keywords
2017-04-10 03:18:12	Add report  keywordsQuery
2017-04-10 03:18:12	Work with time : 2017-04-09
2017-04-10 03:18:16	Add report  productAds
2017-04-10 03:18:17	Add report  keywords
2017-04-10 03:18:21	BEGIN SYNC
