2017-04-11 01:54:09	Start for user: 238
2017-04-11 01:54:09	Get report productAds
2017-04-11 01:54:34	we get report in 0 attempts  
2017-04-11 01:54:34	we need insert  584  records  
2017-04-11 01:54:37	we isert record  
2017-04-11 01:54:39	we isert record  
2017-04-11 01:54:41	we isert record  
2017-04-11 01:54:43	we isert record  
2017-04-11 01:54:46	we isert record  
2017-04-11 01:54:46	we isert record  
2017-04-11 01:54:49	we isert record  
2017-04-11 01:54:49	we isert record  
2017-04-11 01:54:52	we isert record  
2017-04-11 01:54:54	we isert record  
2017-04-11 01:54:55	we isert record  
2017-04-11 01:54:55	we isert record  
2017-04-11 01:54:58	we isert record  
2017-04-11 01:54:58	we isert record  
2017-04-11 01:55:01	we isert record  
2017-04-11 01:55:01	we isert record  
2017-04-11 01:55:02	we isert record  
2017-04-11 01:55:03	we isert record  
2017-04-11 01:55:04	we isert record  
2017-04-11 01:55:06	we isert record  
2017-04-11 01:55:09	we isert record  
2017-04-11 01:55:10	we isert record  
2017-04-11 01:55:12	we isert record  
2017-04-11 01:55:14	we isert record  
2017-04-11 01:55:17	we isert record  
2017-04-11 01:55:17	we isert record  
2017-04-11 01:55:18	we isert record  
2017-04-11 01:55:19	we isert record  
2017-04-11 01:55:21	we isert record  
2017-04-11 01:55:22	we isert record  
2017-04-11 01:55:23	we isert record  
2017-04-11 01:55:23	we isert record  
2017-04-11 01:55:26	we isert record  
2017-04-11 01:55:26	we isert record  
2017-04-11 01:55:27	we isert record  
2017-04-11 01:55:28	we isert record  
2017-04-11 01:55:28	we isert record  
2017-04-11 01:55:31	we isert record  
2017-04-11 01:55:31	we isert record  
2017-04-11 01:55:32	we isert record  
2017-04-11 01:55:33	we isert record  
2017-04-11 01:55:35	we isert record  
2017-04-11 01:55:36	we isert record  
2017-04-11 01:55:37	we isert record  
2017-04-11 01:55:37	we isert record  
2017-04-11 01:55:38	we isert record  
2017-04-11 01:55:40	we isert record  
2017-04-11 01:55:41	we isert record  
2017-04-11 01:55:42	we isert record  
2017-04-11 01:55:43	we isert record  
2017-04-11 01:55:45	we isert record  
2017-04-11 01:55:46	we isert record  
2017-04-11 01:55:46	we isert record  
2017-04-11 01:55:47	we isert record  
2017-04-11 01:55:48	we isert record  
2017-04-11 01:55:49	we isert record  
2017-04-11 01:55:51	we isert record  
2017-04-11 01:55:52	we isert record  
2017-04-11 01:55:52	we isert record  
2017-04-11 01:55:53	we isert record  
2017-04-11 01:55:54	we isert record  
2017-04-11 01:55:56	we isert record  
2017-04-11 01:55:57	we isert record  
2017-04-11 01:55:57	we isert record  
2017-04-11 01:55:58	we isert record  
2017-04-11 01:56:00	we isert record  
2017-04-11 01:56:01	we isert record  
2017-04-11 01:56:03	we isert record  
2017-04-11 01:56:06	we isert record  
2017-04-11 01:56:06	we isert record  
2017-04-11 01:56:07	we isert record  
2017-04-11 01:56:08	we isert record  
2017-04-11 01:56:10	we isert record  
2017-04-11 01:56:11	we isert record  
2017-04-11 01:56:12	we isert record  
2017-04-11 01:56:13	we isert record  
2017-04-11 01:56:13	we isert record  
2017-04-11 01:56:14	we isert record  
2017-04-11 01:56:16	we isert record  
2017-04-11 01:56:17	we isert record  
2017-04-11 01:56:18	we isert record  
2017-04-11 01:56:19	we isert record  
2017-04-11 01:56:21	we isert record  
2017-04-11 01:56:22	we isert record  
2017-04-11 01:56:24	we isert record  
2017-04-11 01:56:25	we isert record  
2017-04-11 01:56:25	we isert record  
2017-04-11 01:56:28	we isert record  
2017-04-11 01:56:30	we isert record  
2017-04-11 01:56:32	we isert record  
2017-04-11 01:56:34	we isert record  
2017-04-11 01:56:35	we isert record  
2017-04-11 01:56:36	we isert record  
2017-04-11 01:56:38	we isert record  
2017-04-11 01:56:39	we isert record  
2017-04-11 01:56:41	we isert record  
2017-04-11 01:56:42	we isert record  
2017-04-11 01:56:44	we isert record  
2017-04-11 01:56:45	we isert record  
2017-04-11 01:56:45	we isert record  
2017-04-11 01:56:46	we isert record  
2017-04-11 01:56:48	we isert record  
2017-04-11 01:56:49	we isert record  
2017-04-11 01:56:50	we isert record  
2017-04-11 01:56:52	we isert record  
2017-04-11 01:56:53	we isert record  
2017-04-11 01:56:54	we isert record  
2017-04-11 01:56:54	we isert record  
2017-04-11 01:56:55	we isert record  
2017-04-11 01:56:57	we isert record  
2017-04-11 01:56:58	we isert record  
2017-04-11 01:57:00	we isert record  
2017-04-11 01:57:00	we isert record  
2017-04-11 01:57:01	we isert record  
2017-04-11 01:57:02	we isert record  
2017-04-11 01:57:03	we isert record  
2017-04-11 01:57:03	we isert record  
2017-04-11 01:57:04	we isert record  
2017-04-11 01:57:05	we isert record  
2017-04-11 01:57:05	we isert record  
2017-04-11 01:57:08	we isert record  
2017-04-11 01:57:08	we isert record  
2017-04-11 01:57:09	we isert record  
2017-04-11 01:57:11	we isert record  
2017-04-11 01:57:12	we isert record  
2017-04-11 01:57:13	we isert record  
2017-04-11 01:57:14	we isert record  
2017-04-11 01:57:14	we isert record  
2017-04-11 01:57:15	we isert record  
2017-04-11 01:57:16	we isert record  
2017-04-11 01:57:17	we isert record  
2017-04-11 01:57:17	we isert record  
2017-04-11 01:57:20	we isert record  
2017-04-11 01:57:20	we isert record  
2017-04-11 01:57:21	we isert record  
2017-04-11 01:57:22	we isert record  
2017-04-11 01:57:23	we isert record  
2017-04-11 01:57:23	we isert record  
2017-04-11 01:57:24	we isert record  
2017-04-11 01:57:25	we isert record  
2017-04-11 01:57:25	we isert record  
2017-04-11 01:57:27	we isert record  
2017-04-11 01:57:28	we isert record  
2017-04-11 01:57:28	we isert record  
2017-04-11 01:57:31	we isert record  
2017-04-11 01:57:33	we isert record  
2017-04-11 01:57:34	we isert record  
2017-04-11 01:57:34	we isert record  
2017-04-11 01:57:35	we isert record  
2017-04-11 01:57:36	we isert record  
2017-04-11 01:57:37	we isert record  
2017-04-11 01:57:38	we isert record  
2017-04-11 01:57:39	we isert record  
2017-04-11 01:57:40	we isert record  
2017-04-11 01:57:40	we isert record  
2017-04-11 01:57:41	we isert record  
2017-04-11 01:57:42	we isert record  
2017-04-11 01:57:44	we isert record  
2017-04-11 01:57:45	we isert record  
2017-04-11 01:57:45	we isert record  
2017-04-11 01:57:46	we isert record  
2017-04-11 01:57:48	we isert record  
2017-04-11 01:57:48	we isert record  
2017-04-11 01:57:49	we isert record  
2017-04-11 01:57:51	we isert record  
2017-04-11 01:57:51	we isert record  
2017-04-11 01:57:52	we isert record  
2017-04-11 01:57:53	we isert record  
2017-04-11 01:57:54	we isert record  
2017-04-11 01:57:54	we isert record  
2017-04-11 01:57:55	we isert record  
2017-04-11 01:57:56	we isert record  
2017-04-11 01:57:57	we isert record  
2017-04-11 01:57:59	we isert record  
2017-04-11 01:58:00	we isert record  
2017-04-11 01:58:00	we isert record  
2017-04-11 01:58:01	we isert record  
2017-04-11 01:58:02	we isert record  
2017-04-11 01:58:02	we isert record  
2017-04-11 01:58:03	we isert record  
2017-04-11 01:58:04	we isert record  
2017-04-11 01:58:05	we isert record  
2017-04-11 01:58:06	we isert record  
2017-04-11 01:58:07	we isert record  
2017-04-11 01:58:08	we isert record  
2017-04-11 01:58:08	we isert record  
2017-04-11 01:58:11	we isert record  
2017-04-11 01:58:13	we isert record  
2017-04-11 01:58:15	we isert record  
2017-04-11 01:58:17	we isert record  
2017-04-11 01:58:18	we isert record  
2017-04-11 01:58:18	we isert record  
2017-04-11 01:58:19	we isert record  
2017-04-11 01:58:22	we isert record  
2017-04-11 01:58:22	we isert record  
2017-04-11 01:58:25	we isert record  
2017-04-11 01:58:27	we isert record  
2017-04-11 01:58:29	we isert record  
2017-04-11 01:58:31	we isert record  
2017-04-11 01:58:34	we isert record  
2017-04-11 01:58:35	we isert record  
2017-04-11 01:58:37	we isert record  
2017-04-11 01:58:40	we isert record  
2017-04-11 01:58:42	we isert record  
2017-04-11 01:58:43	we isert record  
2017-04-11 01:58:45	we isert record  
2017-04-11 01:58:46	we isert record  
2017-04-11 01:58:49	we isert record  
2017-04-11 01:58:50	we isert record  
2017-04-11 01:58:52	we isert record  
2017-04-11 01:58:53	we isert record  
2017-04-11 01:58:54	we isert record  
2017-04-11 01:58:55	we isert record  
2017-04-11 01:58:56	we isert record  
2017-04-11 01:58:58	we isert record  
2017-04-11 01:58:59	we isert record  
2017-04-11 01:58:59	we isert record  
2017-04-11 01:59:02	we isert record  
2017-04-11 01:59:02	we isert record  
2017-04-11 01:59:03	we isert record  
2017-04-11 01:59:04	we isert record  
2017-04-11 01:59:05	we isert record  
2017-04-11 01:59:06	we isert record  
2017-04-11 01:59:07	we isert record  
2017-04-11 01:59:07	we isert record  
2017-04-11 01:59:09	we isert record  
2017-04-11 01:59:10	we isert record  
2017-04-11 01:59:10	we isert record  
2017-04-11 01:59:11	we isert record  
2017-04-11 01:59:12	we isert record  
2017-04-11 01:59:13	we isert record  
2017-04-11 01:59:13	we isert record  
2017-04-11 01:59:14	we isert record  
2017-04-11 01:59:15	we isert record  
2017-04-11 01:59:16	we isert record  
2017-04-11 01:59:17	we isert record  
2017-04-11 01:59:18	we isert record  
2017-04-11 01:59:19	we isert record  
2017-04-11 01:59:19	we isert record  
2017-04-11 01:59:20	we isert record  
2017-04-11 01:59:21	we isert record  
2017-04-11 01:59:22	we isert record  
2017-04-11 01:59:23	we isert record  
2017-04-11 01:59:24	we isert record  
2017-04-11 01:59:26	we isert record  
2017-04-11 01:59:28	we isert record  
2017-04-11 01:59:31	we isert record  
2017-04-11 01:59:33	we isert record  
2017-04-11 01:59:34	we isert record  
2017-04-11 01:59:35	we isert record  
2017-04-11 01:59:36	we isert record  
2017-04-11 01:59:37	we isert record  
2017-04-11 01:59:37	we isert record  
2017-04-11 01:59:38	we isert record  
2017-04-11 01:59:40	we isert record  
2017-04-11 01:59:41	we isert record  
2017-04-11 01:59:42	we isert record  
2017-04-11 01:59:43	we isert record  
2017-04-11 01:59:43	we isert record  
2017-04-11 01:59:46	we isert record  
2017-04-11 01:59:47	we isert record  
2017-04-11 01:59:48	we isert record  
2017-04-11 01:59:50	we isert record  
2017-04-11 01:59:51	we isert record  
2017-04-11 01:59:52	we isert record  
2017-04-11 01:59:52	we isert record  
2017-04-11 01:59:54	we isert record  
2017-04-11 01:59:55	we isert record  
2017-04-11 01:59:55	we isert record  
2017-04-11 01:59:56	we isert record  
2017-04-11 01:59:58	we isert record  
2017-04-11 02:00:00	we isert record  
2017-04-11 02:00:02	we isert record  
2017-04-11 02:00:04	we isert record  
2017-04-11 02:00:06	we isert record  
2017-04-11 02:00:08	we isert record  
2017-04-11 02:00:09	we isert record  
2017-04-11 02:00:09	we isert record  
2017-04-11 02:00:12	we isert record  
2017-04-11 02:00:12	we isert record  
2017-04-11 02:00:13	we isert record  
2017-04-11 02:00:15	we isert record  
2017-04-11 02:00:15	we isert record  
2017-04-11 02:00:16	we isert record  
2017-04-11 02:00:17	we isert record  
2017-04-11 02:00:18	we isert record  
2017-04-11 02:00:19	we isert record  
2017-04-11 02:00:20	we isert record  
2017-04-11 02:00:20	we isert record  
2017-04-11 02:00:21	we isert record  
2017-04-11 02:00:22	we isert record  
2017-04-11 02:00:23	we isert record  
2017-04-11 02:00:24	we isert record  
2017-04-11 02:00:25	we isert record  
2017-04-11 02:00:26	we isert record  
2017-04-11 02:00:27	we isert record  
2017-04-11 02:00:29	we isert record  
2017-04-11 02:00:29	we isert record  
2017-04-11 02:00:30	we isert record  
2017-04-11 02:00:31	we isert record  
2017-04-11 02:00:32	we isert record  
2017-04-11 02:00:32	we isert record  
2017-04-11 02:00:33	we isert record  
2017-04-11 02:00:34	we isert record  
2017-04-11 02:00:35	we isert record  
2017-04-11 02:00:36	we isert record  
2017-04-11 02:00:37	we isert record  
2017-04-11 02:00:38	we isert record  
2017-04-11 02:00:38	we isert record  
2017-04-11 02:00:39	we isert record  
2017-04-11 02:00:40	we isert record  
2017-04-11 02:00:41	we isert record  
2017-04-11 02:00:41	we isert record  
2017-04-11 02:00:42	we isert record  
2017-04-11 02:00:43	we isert record  
2017-04-11 02:00:44	we isert record  
2017-04-11 02:00:44	we isert record  
2017-04-11 02:00:45	we isert record  
2017-04-11 02:00:46	we isert record  
2017-04-11 02:00:47	we isert record  
2017-04-11 02:00:47	we isert record  
2017-04-11 02:00:48	we isert record  
2017-04-11 02:00:49	we isert record  
2017-04-11 02:00:50	we isert record  
2017-04-11 02:00:51	we isert record  
2017-04-11 02:00:52	we isert record  
2017-04-11 02:00:53	we isert record  
2017-04-11 02:00:54	we isert record  
2017-04-11 02:00:55	we isert record  
2017-04-11 02:00:56	we isert record  
2017-04-11 02:00:56	we isert record  
2017-04-11 02:00:57	we isert record  
2017-04-11 02:00:58	we isert record  
2017-04-11 02:00:59	we isert record  
2017-04-11 02:00:59	we isert record  
2017-04-11 02:01:02	we isert record  
2017-04-11 02:01:02	we isert record  
2017-04-11 02:01:04	we isert record  
2017-04-11 02:01:05	we isert record  
2017-04-11 02:01:05	we isert record  
2017-04-11 02:01:06	we isert record  
2017-04-11 02:01:07	we isert record  
2017-04-11 02:01:08	we isert record  
2017-04-11 02:01:09	we isert record  
2017-04-11 02:01:10	we isert record  
2017-04-11 02:01:12	we isert record  
2017-04-11 02:01:13	we isert record  
2017-04-11 02:01:14	we isert record  
2017-04-11 02:01:14	we isert record  
2017-04-11 02:01:15	we isert record  
2017-04-11 02:01:16	we isert record  
2017-04-11 02:01:17	we isert record  
2017-04-11 02:01:17	we isert record  
2017-04-11 02:01:18	we isert record  
2017-04-11 02:01:19	we isert record  
2017-04-11 02:01:20	we isert record  
2017-04-11 02:01:20	we isert record  
2017-04-11 02:01:22	we isert record  
2017-04-11 02:01:23	we isert record  
2017-04-11 02:01:25	we isert record  
2017-04-11 02:01:26	we isert record  
2017-04-11 02:01:26	we isert record  
2017-04-11 02:01:27	we isert record  
2017-04-11 02:01:28	we isert record  
2017-04-11 02:01:29	we isert record  
2017-04-11 02:01:31	we isert record  
2017-04-11 02:01:32	we isert record  
2017-04-11 02:01:33	we isert record  
2017-04-11 02:01:35	we isert record  
2017-04-11 02:01:35	we isert record  
2017-04-11 02:01:36	we isert record  
2017-04-11 02:01:38	we isert record  
2017-04-11 02:01:39	we isert record  
2017-04-11 02:01:40	we isert record  
2017-04-11 02:01:42	we isert record  
2017-04-11 02:01:43	we isert record  
2017-04-11 02:01:44	we isert record  
2017-04-11 02:01:46	we isert record  
2017-04-11 02:01:47	we isert record  
2017-04-11 02:01:47	we isert record  
2017-04-11 02:01:48	we isert record  
2017-04-11 02:01:49	we isert record  
2017-04-11 02:01:50	we isert record  
2017-04-11 02:01:52	we isert record  
2017-04-11 02:01:53	we isert record  
2017-04-11 02:01:53	we isert record  
2017-04-11 02:01:54	we isert record  
2017-04-11 02:01:55	we isert record  
2017-04-11 02:01:56	we isert record  
2017-04-11 02:01:58	we isert record  
2017-04-11 02:01:59	we isert record  
2017-04-11 02:02:01	we isert record  
2017-04-11 02:02:01	we isert record  
2017-04-11 02:02:02	we isert record  
2017-04-11 02:02:04	we isert record  
2017-04-11 02:02:05	we isert record  
2017-04-11 02:02:08	we isert record  
2017-04-11 02:02:10	we isert record  
2017-04-11 02:02:11	we isert record  
2017-04-11 02:02:12	we isert record  
2017-04-11 02:02:14	we isert record  
2017-04-11 02:02:15	we isert record  
2017-04-11 02:02:16	we isert record  
2017-04-11 02:02:17	we isert record  
2017-04-11 02:02:19	we isert record  
2017-04-11 02:02:19	we isert record  
2017-04-11 02:02:21	we isert record  
2017-04-11 02:02:22	we isert record  
2017-04-11 02:02:23	we isert record  
2017-04-11 02:02:24	we isert record  
2017-04-11 02:02:26	we isert record  
2017-04-11 02:02:27	we isert record  
2017-04-11 02:02:29	we isert record  
2017-04-11 02:02:31	we isert record  
2017-04-11 02:02:32	we isert record  
2017-04-11 02:02:34	we isert record  
2017-04-11 02:02:36	we isert record  
2017-04-11 02:02:37	we isert record  
2017-04-11 02:02:39	we isert record  
2017-04-11 02:02:40	we isert record  
2017-04-11 02:02:41	we isert record  
2017-04-11 02:02:42	we isert record  
2017-04-11 02:02:43	we isert record  
2017-04-11 02:02:43	we isert record  
2017-04-11 02:02:44	we isert record  
2017-04-11 02:02:45	we isert record  
2017-04-11 02:02:46	we isert record  
2017-04-11 02:02:46	we isert record  
2017-04-11 02:02:47	we isert record  
2017-04-11 02:02:48	we isert record  
2017-04-11 02:02:49	we isert record  
2017-04-11 02:02:50	we isert record  
2017-04-11 02:02:51	we isert record  
2017-04-11 02:02:52	we isert record  
2017-04-11 02:02:53	we isert record  
2017-04-11 02:02:54	we isert record  
2017-04-11 02:02:55	we isert record  
2017-04-11 02:02:55	we isert record  
2017-04-11 02:02:57	we isert record  
2017-04-11 02:02:58	we isert record  
2017-04-11 02:02:58	we isert record  
2017-04-11 02:02:59	we isert record  
2017-04-11 02:03:00	we isert record  
2017-04-11 02:03:01	we isert record  
2017-04-11 02:03:01	we isert record  
2017-04-11 02:03:02	we isert record  
2017-04-11 02:03:03	we isert record  
2017-04-11 02:03:04	we isert record  
2017-04-11 02:03:04	we isert record  
2017-04-11 02:03:06	we isert record  
2017-04-11 02:03:07	we isert record  
2017-04-11 02:03:07	we isert record  
2017-04-11 02:03:08	we isert record  
2017-04-11 02:03:10	we isert record  
2017-04-11 02:03:10	we isert record  
2017-04-11 02:03:11	we isert record  
2017-04-11 02:03:13	we isert record  
2017-04-11 02:03:13	we isert record  
2017-04-11 02:03:14	we isert record  
2017-04-11 02:03:15	we isert record  
2017-04-11 02:03:16	we isert record  
2017-04-11 02:03:16	we isert record  
2017-04-11 02:03:17	we isert record  
2017-04-11 02:03:19	we isert record  
2017-04-11 02:03:19	we isert record  
2017-04-11 02:03:20	we isert record  
2017-04-11 02:03:21	we isert record  
2017-04-11 02:03:22	we isert record  
2017-04-11 02:03:23	we isert record  
2017-04-11 02:03:24	we isert record  
2017-04-11 02:03:25	we isert record  
2017-04-11 02:03:25	we isert record  
2017-04-11 02:03:26	we isert record  
2017-04-11 02:03:27	we isert record  
2017-04-11 02:03:28	we isert record  
2017-04-11 02:03:29	we isert record  
2017-04-11 02:03:30	we isert record  
2017-04-11 02:03:30	we isert record  
2017-04-11 02:03:32	we isert record  
2017-04-11 02:03:33	we isert record  
2017-04-11 02:03:33	we isert record  
2017-04-11 02:03:34	we isert record  
2017-04-11 02:03:35	we isert record  
2017-04-11 02:03:36	we isert record  
2017-04-11 02:03:37	we isert record  
2017-04-11 02:03:38	we isert record  
2017-04-11 02:03:40	we isert record  
2017-04-11 02:03:40	we isert record  
2017-04-11 02:03:43	we isert record  
2017-04-11 02:03:44	we isert record  
2017-04-11 02:03:46	we isert record  
2017-04-11 02:03:47	we isert record  
2017-04-11 02:03:49	we isert record  
2017-04-11 02:03:49	we isert record  
2017-04-11 02:03:51	we isert record  
2017-04-11 02:03:52	we isert record  
2017-04-11 02:03:52	we isert record  
2017-04-11 02:03:53	we isert record  
2017-04-11 02:03:54	we isert record  
2017-04-11 02:03:55	we isert record  
2017-04-11 02:03:56	we isert record  
2017-04-11 02:03:57	we isert record  
2017-04-11 02:03:58	we isert record  
2017-04-11 02:03:59	we isert record  
2017-04-11 02:04:01	we isert record  
2017-04-11 02:04:01	we isert record  
2017-04-11 02:04:02	we isert record  
2017-04-11 02:04:04	we isert record  
2017-04-11 02:04:05	we isert record  
2017-04-11 02:04:07	we isert record  
2017-04-11 02:04:09	we isert record  
2017-04-11 02:04:10	we isert record  
2017-04-11 02:04:11	we isert record  
2017-04-11 02:04:12	we isert record  
2017-04-11 02:04:13	we isert record  
2017-04-11 02:04:14	we isert record  
2017-04-11 02:04:14	we isert record  
2017-04-11 02:04:15	we isert record  
2017-04-11 02:04:16	we isert record  
2017-04-11 02:04:17	we isert record  
2017-04-11 02:04:18	we isert record  
2017-04-11 02:04:18	we isert record  
2017-04-11 02:04:19	we isert record  
2017-04-11 02:04:20	we isert record  
2017-04-11 02:04:22	we isert record  
2017-04-11 02:04:23	we isert record  
2017-04-11 02:04:24	we isert record  
2017-04-11 02:04:25	we isert record  
2017-04-11 02:04:27	we isert record  
2017-04-11 02:04:28	we isert record  
2017-04-11 02:04:28	we isert record  
2017-04-11 02:04:29	we isert record  
2017-04-11 02:04:30	we isert record  
2017-04-11 02:04:31	we isert record  
2017-04-11 02:04:32	we isert record  
2017-04-11 02:04:33	we isert record  
2017-04-11 02:04:34	we isert record  
2017-04-11 02:04:34	we isert record  
2017-04-11 02:04:36	we isert record  
2017-04-11 02:04:37	we isert record  
2017-04-11 02:04:37	we isert record  
2017-04-11 02:04:38	we isert record  
2017-04-11 02:04:39	we isert record  
2017-04-11 02:04:40	we isert record  
2017-04-11 02:04:41	we isert record  
2017-04-11 02:04:42	we isert record  
2017-04-11 02:04:43	we isert record  
2017-04-11 02:04:43	we isert record  
2017-04-11 02:04:45	we isert record  
2017-04-11 02:04:46	we isert record  
2017-04-11 02:04:46	we isert record  
2017-04-11 02:04:47	we isert record  
2017-04-11 02:04:48	we isert record  
2017-04-11 02:04:50	we isert record  
2017-04-11 02:04:51	we isert record  
2017-04-11 02:04:52	we isert record  
2017-04-11 02:04:53	we isert record  
2017-04-11 02:04:54	we isert record  
2017-04-11 02:04:55	we isert record  
2017-04-11 02:04:56	we isert record  
2017-04-11 02:04:57	we isert record  
2017-04-11 02:04:58	we isert record  
2017-04-11 02:04:58	we isert record  
2017-04-11 02:04:59	we isert record  
2017-04-11 02:05:00	we isert record  
2017-04-11 02:05:01	we isert record  
2017-04-11 02:05:01	we isert record  
2017-04-11 02:05:02	we isert record  
2017-04-11 02:05:03	we isert record  
2017-04-11 02:05:05	we isert record  
2017-04-11 02:05:07	we isert record  
2017-04-11 02:05:08	we isert record  
2017-04-11 02:05:09	we isert record  
2017-04-11 02:05:10	we isert record  
2017-04-11 02:05:11	we isert record  
2017-04-11 02:05:12	we isert record  
2017-04-11 02:05:14	we isert record  
2017-04-11 02:05:15	we isert record  
2017-04-11 02:05:16	we isert record  
2017-04-11 02:05:18	we isert record  
2017-04-11 02:05:19	we isert record  
2017-04-11 02:05:21	we isert record  
2017-04-11 02:05:22	we isert record  
2017-04-11 02:05:22	we isert record  
2017-04-11 02:05:22	Get report keywords
2017-04-11 02:05:49	we get report in 0 attempts  
2017-04-11 02:05:49	we need insert  6436  records  
2017-04-11 02:05:50	we isert record  
2017-04-11 02:05:51	we isert record  
2017-04-11 02:05:51	we isert record  
2017-04-11 02:05:52	we isert record  
2017-04-11 02:05:53	we isert record  
2017-04-11 02:05:54	we isert record  
2017-04-11 02:05:54	we isert record  
2017-04-11 02:05:55	we isert record  
2017-04-11 02:05:56	we isert record  
2017-04-11 02:05:57	we isert record  
2017-04-11 02:05:58	we isert record  
2017-04-11 02:05:59	we isert record  
2017-04-11 02:05:59	we isert record  
2017-04-11 02:06:00	we isert record  
2017-04-11 02:06:01	we isert record  
2017-04-11 02:06:02	we isert record  
2017-04-11 02:06:02	we isert record  
2017-04-11 02:06:03	we isert record  
2017-04-11 02:06:04	we isert record  
2017-04-11 02:06:05	we isert record  
2017-04-11 02:06:06	we isert record  
2017-04-11 02:06:06	we isert record  
2017-04-11 02:06:07	we isert record  
2017-04-11 02:06:08	we isert record  
2017-04-11 02:06:08	we isert record  
2017-04-11 02:06:09	we isert record  
2017-04-11 02:06:10	we isert record  
2017-04-11 02:06:11	we isert record  
2017-04-11 02:06:12	we isert record  
2017-04-11 02:06:13	we isert record  
2017-04-11 02:06:13	we isert record  
2017-04-11 02:06:14	we isert record  
2017-04-11 02:06:15	we isert record  
2017-04-11 02:06:16	we isert record  
2017-04-11 02:06:16	we isert record  
2017-04-11 02:06:17	we isert record  
2017-04-11 02:06:18	we isert record  
2017-04-11 02:06:19	we isert record  
2017-04-11 02:06:19	we isert record  
2017-04-11 02:06:20	we isert record  
2017-04-11 02:06:21	we isert record  
2017-04-11 02:06:22	we isert record  
2017-04-11 02:06:22	we isert record  
2017-04-11 02:06:23	we isert record  
2017-04-11 02:06:24	we isert record  
2017-04-11 02:06:25	we isert record  
2017-04-11 02:06:25	we isert record  
2017-04-11 02:06:26	we isert record  
2017-04-11 02:06:27	we isert record  
2017-04-11 02:06:28	we isert record  
2017-04-11 02:06:28	we isert record  
2017-04-11 02:06:29	we isert record  
2017-04-11 02:06:30	we isert record  
2017-04-11 02:06:31	we isert record  
2017-04-11 02:06:31	we isert record  
2017-04-11 02:06:32	we isert record  
2017-04-11 02:06:33	we isert record  
2017-04-11 02:06:34	we isert record  
2017-04-11 02:06:34	we isert record  
2017-04-11 02:06:35	we isert record  
2017-04-11 02:06:36	we isert record  
2017-04-11 02:06:37	we isert record  
2017-04-11 02:06:37	we isert record  
2017-04-11 02:06:38	we isert record  
2017-04-11 02:06:39	we isert record  
2017-04-11 02:06:39	we isert record  
2017-04-11 02:06:41	we isert record  
2017-04-11 02:06:42	we isert record  
2017-04-11 02:06:43	we isert record  
2017-04-11 02:06:43	we isert record  
2017-04-11 02:06:44	we isert record  
2017-04-11 02:06:45	we isert record  
2017-04-11 02:06:46	we isert record  
2017-04-11 02:06:46	we isert record  
2017-04-11 02:06:47	we isert record  
2017-04-11 02:06:48	we isert record  
2017-04-11 02:06:49	we isert record  
2017-04-11 02:06:49	we isert record  
2017-04-11 02:06:50	we isert record  
2017-04-11 02:06:51	we isert record  
2017-04-11 02:06:52	we isert record  
2017-04-11 02:06:52	we isert record  
2017-04-11 02:06:53	we isert record  
2017-04-11 02:06:54	we isert record  
2017-04-11 02:06:55	we isert record  
2017-04-11 02:06:56	we isert record  
2017-04-11 02:06:56	we isert record  
2017-04-11 02:06:57	we isert record  
2017-04-11 02:06:58	we isert record  
2017-04-11 02:06:59	we isert record  
2017-04-11 02:06:59	we isert record  
2017-04-11 02:07:00	we isert record  
2017-04-11 02:07:01	we isert record  
2017-04-11 02:07:02	we isert record  
2017-04-11 02:07:02	we isert record  
2017-04-11 02:07:03	we isert record  
2017-04-11 02:07:04	we isert record  
2017-04-11 02:07:05	we isert record  
2017-04-11 02:07:05	we isert record  
2017-04-11 02:07:06	we isert record  
2017-04-11 02:07:07	we isert record  
2017-04-11 02:07:07	we isert record  
2017-04-11 02:07:08	we isert record  
2017-04-11 02:07:09	we isert record  
2017-04-11 02:07:10	we isert record  
2017-04-11 02:07:10	we isert record  
2017-04-11 02:07:11	we isert record  
2017-04-11 02:07:12	we isert record  
2017-04-11 02:07:13	we isert record  
2017-04-11 02:07:13	we isert record  
2017-04-11 02:07:14	we isert record  
2017-04-11 02:07:15	we isert record  
2017-04-11 02:07:16	we isert record  
2017-04-11 02:07:16	we isert record  
2017-04-11 02:07:17	we isert record  
2017-04-11 02:07:18	we isert record  
2017-04-11 02:07:19	we isert record  
2017-04-11 02:07:19	we isert record  
2017-04-11 02:07:20	we isert record  
2017-04-11 02:07:21	we isert record  
2017-04-11 02:07:22	we isert record  
2017-04-11 02:07:22	we isert record  
2017-04-11 02:07:23	we isert record  
2017-04-11 02:07:24	we isert record  
2017-04-11 02:07:25	we isert record  
2017-04-11 02:07:25	we isert record  
2017-04-11 02:07:26	we isert record  
2017-04-11 02:07:27	we isert record  
2017-04-11 02:07:28	we isert record  
2017-04-11 02:07:28	we isert record  
2017-04-11 02:07:29	we isert record  
2017-04-11 02:07:30	we isert record  
2017-04-11 02:07:31	we isert record  
2017-04-11 02:07:31	we isert record  
2017-04-11 02:07:32	we isert record  
2017-04-11 02:07:33	we isert record  
2017-04-11 02:07:34	we isert record  
2017-04-11 02:07:34	we isert record  
2017-04-11 02:07:35	we isert record  
2017-04-11 02:07:36	we isert record  
2017-04-11 02:07:37	we isert record  
2017-04-11 02:07:37	we isert record  
2017-04-11 02:07:38	we isert record  
2017-04-11 02:07:39	we isert record  
2017-04-11 02:07:40	we isert record  
2017-04-11 02:07:40	we isert record  
2017-04-11 02:07:41	we isert record  
2017-04-11 02:07:42	we isert record  
2017-04-11 02:07:43	we isert record  
2017-04-11 02:07:43	we isert record  
2017-04-11 02:07:44	we isert record  
2017-04-11 02:07:45	we isert record  
2017-04-11 02:07:46	we isert record  
2017-04-11 02:07:46	we isert record  
2017-04-11 02:07:47	we isert record  
2017-04-11 02:07:48	we isert record  
2017-04-11 02:07:49	we isert record  
2017-04-11 02:07:49	we isert record  
2017-04-11 02:07:50	we isert record  
2017-04-11 02:07:51	we isert record  
2017-04-11 02:07:52	we isert record  
2017-04-11 02:07:52	we isert record  
2017-04-11 02:07:53	we isert record  
2017-04-11 02:07:54	we isert record  
2017-04-11 02:07:55	we isert record  
2017-04-11 02:07:55	we isert record  
2017-04-11 02:07:56	we isert record  
2017-04-11 02:07:57	we isert record  
2017-04-11 02:07:58	we isert record  
2017-04-11 02:07:59	we isert record  
2017-04-11 02:07:59	we isert record  
2017-04-11 02:08:00	we isert record  
2017-04-11 02:08:02	we isert record  
2017-04-11 02:08:02	we isert record  
2017-04-11 02:08:03	we isert record  
2017-04-11 02:08:04	we isert record  
2017-04-11 02:08:05	we isert record  
2017-04-11 02:08:05	we isert record  
2017-04-11 02:08:06	we isert record  
2017-04-11 02:08:07	we isert record  
2017-04-11 02:08:08	we isert record  
2017-04-11 02:08:08	we isert record  
2017-04-11 02:08:09	we isert record  
2017-04-11 02:08:10	we isert record  
2017-04-11 02:08:11	we isert record  
2017-04-11 02:08:12	we isert record  
2017-04-11 02:08:13	we isert record  
2017-04-11 02:08:13	we isert record  
2017-04-11 02:08:14	we isert record  
2017-04-11 02:08:15	we isert record  
2017-04-11 02:08:15	we isert record  
2017-04-11 02:08:16	we isert record  
2017-04-11 02:08:17	we isert record  
2017-04-11 02:08:18	we isert record  
2017-04-11 02:08:18	we isert record  
2017-04-11 02:08:19	we isert record  
2017-04-11 02:08:20	we isert record  
2017-04-11 02:08:21	we isert record  
2017-04-11 02:08:21	we isert record  
2017-04-11 02:08:22	we isert record  
2017-04-11 02:08:23	we isert record  
2017-04-11 02:08:24	we isert record  
2017-04-11 02:08:24	we isert record  
2017-04-11 02:08:25	we isert record  
2017-04-11 02:08:26	we isert record  
2017-04-11 02:08:27	we isert record  
2017-04-11 02:08:27	we isert record  
2017-04-11 02:08:28	we isert record  
2017-04-11 02:08:29	we isert record  
2017-04-11 02:08:30	we isert record  
2017-04-11 02:08:30	we isert record  
2017-04-11 02:08:31	we isert record  
2017-04-11 02:08:32	we isert record  
2017-04-11 02:08:33	we isert record  
2017-04-11 02:08:33	we isert record  
2017-04-11 02:08:34	we isert record  
2017-04-11 02:08:35	we isert record  
